<?xml version="1.0" encoding="UTF-8" ?>
<testsuite tests="1" failures="0" name="se.ottersnail.saol.dice.DiceTest" time="0.001" errors="0" skipped="0">
  <properties>
    <property name="os.detected.version" value="4.15"/>
    <property name="java.runtime.name" value="OpenJDK Runtime Environment"/>
    <property name="os.detected.release.like.linuxmint" value="true"/>
    <property name="java.vm.version" value="11.0.6+10-post-Ubuntu-1ubuntu118.04.1"/>
    <property name="sun.boot.library.path" value="/usr/lib/jvm/java-11-openjdk-amd64/lib"/>
    <property name="maven.multiModuleProjectDirectory" value="/home/axel/source/snakes-on-a-ladder/game-server"/>
    <property name="java.vm.vendor" value="Ubuntu"/>
    <property name="java.vendor.url" value="https://ubuntu.com/"/>
    <property name="guice.disable.misplaced.annotation.check" value="true"/>
    <property name="path.separator" value=":"/>
    <property name="os.detected.version.minor" value="15"/>
    <property name="java.vm.name" value="OpenJDK 64-Bit Server VM"/>
    <property name="sun.os.patch.level" value="unknown"/>
    <property name="user.country" value="US"/>
    <property name="sun.java.launcher" value="SUN_STANDARD"/>
    <property name="java.vm.specification.name" value="Java Virtual Machine Specification"/>
    <property name="user.dir" value="/home/axel/source/snakes-on-a-ladder/game-server"/>
    <property name="java.vm.compressedOopsMode" value="Zero based"/>
    <property name="java.runtime.version" value="11.0.6+10-post-Ubuntu-1ubuntu118.04.1"/>
    <property name="java.awt.graphicsenv" value="sun.awt.X11GraphicsEnvironment"/>
    <property name="os.arch" value="amd64"/>
    <property name="java.io.tmpdir" value="/tmp"/>
    <property name="os.detected.release.version" value="19"/>
    <property name="line.separator" value="
"/>
    <property name="java.vm.specification.vendor" value="Oracle Corporation"/>
    <property name="os.detected.version.major" value="4"/>
    <property name="os.name" value="Linux"/>
    <property name="idea.version2020.1" value="true"/>
    <property name="os.detected.classifier" value="linux-x86_64"/>
    <property name="maven.ext.class.path" value="/home/axel/.local/share/JetBrains/Toolbox/apps/IDEA-C/ch-0/201.6668.121/plugins/maven/lib/maven-event-listener.jar"/>
    <property name="classworlds.conf" value="/home/axel/.local/share/JetBrains/Toolbox/apps/IDEA-C/ch-0/201.6668.121/plugins/maven/lib/maven3/bin/m2.conf"/>
    <property name="sun.jnu.encoding" value="UTF-8"/>
    <property name="java.library.path" value="/usr/java/packages/lib:/usr/lib/x86_64-linux-gnu/jni:/lib/x86_64-linux-gnu:/usr/lib/x86_64-linux-gnu:/usr/lib/jni:/lib:/usr/lib"/>
    <property name="os.detected.arch" value="x86_64"/>
    <property name="maven.conf" value="/home/axel/.local/share/JetBrains/Toolbox/apps/IDEA-C/ch-0/201.6668.121/plugins/maven/lib/maven3/conf"/>
    <property name="jdk.debug" value="release"/>
    <property name="java.class.version" value="55.0"/>
    <property name="java.specification.name" value="Java Platform API Specification"/>
    <property name="sun.management.compiler" value="HotSpot 64-Bit Tiered Compilers"/>
    <property name="os.detected.name" value="linux"/>
    <property name="os.version" value="4.15.0-20-generic"/>
    <property name="user.home" value="/home/axel"/>
    <property name="user.timezone" value="Europe/Stockholm"/>
    <property name="java.awt.printerjob" value="sun.print.PSPrinterJob"/>
    <property name="file.encoding" value="UTF-8"/>
    <property name="java.specification.version" value="11"/>
    <property name="os.detected.release" value="linuxmint"/>
    <property name="user.name" value="axel"/>
    <property name="java.class.path" value="/home/axel/.local/share/JetBrains/Toolbox/apps/IDEA-C/ch-0/201.6668.121/plugins/maven/lib/maven3/boot/plexus-classworlds-2.6.0.jar"/>
    <property name="java.vm.specification.version" value="11"/>
    <property name="sun.arch.data.model" value="64"/>
    <property name="sun.java.command" value="org.codehaus.classworlds.Launcher -Didea.version2020.1 install"/>
    <property name="java.home" value="/usr/lib/jvm/java-11-openjdk-amd64"/>
    <property name="user.language" value="en"/>
    <property name="java.specification.vendor" value="Oracle Corporation"/>
    <property name="awt.toolkit" value="sun.awt.X11.XToolkit"/>
    <property name="java.vm.info" value="mixed mode, sharing"/>
    <property name="os.detected.release.like.ubuntu" value="true"/>
    <property name="java.version" value="11.0.6"/>
    <property name="securerandom.source" value="file:/dev/./urandom"/>
    <property name="java.vendor" value="Ubuntu"/>
    <property name="maven.home" value="/home/axel/.local/share/JetBrains/Toolbox/apps/IDEA-C/ch-0/201.6668.121/plugins/maven/lib/maven3"/>
    <property name="file.separator" value="/"/>
    <property name="java.version.date" value="2020-01-14"/>
    <property name="java.vendor.url.bug" value="https://bugs.launchpad.net/ubuntu/+source/openjdk-lts"/>
    <property name="sun.io.unicode.encoding" value="UnicodeLittle"/>
    <property name="sun.cpu.endian" value="little"/>
    <property name="sun.desktop" value="gnome"/>
    <property name="sun.cpu.isalist" value=""/>
  </properties>
  <testcase classname="se.ottersnail.saol.dice.DiceTest" name="se.ottersnail.saol.dice.DiceTest.testNotRolledDice" time="0.001"/>
</testsuite>